<?xml version="1.0" encoding="UTF-8"?>
<!-- Generated by org.testng.reporters.JUnitReportReporter -->
<testsuite skipped="0" hostname="BLT009" name="Testegdemo.paralleltestcase1" tests="3" failures="0" timestamp="2020-02-17T14:06:20 IST" time="0.025" errors="0">
  <testcase name="testcase6" time="0.004" classname="Testegdemo.paralleltestcase1"/>
  <system-out/>
  <testcase name="testcase4" time="0.014" classname="Testegdemo.paralleltestcase1"/>
  <system-out/>
  <testcase name="testcase5" time="0.007" classname="Testegdemo.paralleltestcase1"/>
  <system-out/>
</testsuite> <!-- Testegdemo.paralleltestcase1 -->
