<?xml version="1.0" encoding="UTF-8"?>
<!-- Generated by org.testng.reporters.JUnitReportReporter -->
<testsuite skipped="0" hostname="BLT009" name="Testegdemo.Dataprovider" tests="3" failures="0" timestamp="2020-03-03T15:11:25 IST" time="22.402" errors="0">
  <testcase name="login" time="9.726" classname="Testegdemo.Dataprovider"/>
  <testcase name="login" time="6.450" classname="Testegdemo.Dataprovider"/>
  <testcase name="login" time="6.226" classname="Testegdemo.Dataprovider"/>
</testsuite> <!-- Testegdemo.Dataprovider -->
