<?xml version="1.0" encoding="UTF-8"?>
<!-- Generated by org.testng.reporters.JUnitReportReporter -->
<testsuite skipped="0" hostname="BLT009" name="Seleniumdemo.keyboard" tests="1" failures="0" timestamp="2020-02-20T10:01:27 IST" time="5.984" errors="0">
  <testcase name="key" time="5.984" classname="Seleniumdemo.keyboard"/>
</testsuite> <!-- Seleniumdemo.keyboard -->
