<?xml version="1.0" encoding="UTF-8"?>
<!-- Generated by org.testng.reporters.JUnitReportReporter -->
<testsuite skipped="0" hostname="BLT009" name="fileuploaddemo.fileupload" tests="1" failures="0" timestamp="2020-02-24T15:12:33 IST" time="14.302" errors="0">
  <testcase name="upload" time="14.302" classname="fileuploaddemo.fileupload"/>
</testsuite> <!-- fileuploaddemo.fileupload -->
