<?xml version="1.0" encoding="UTF-8"?>
<!-- Generated by org.testng.reporters.JUnitReportReporter -->
<testsuite skipped="0" hostname="BLT009" name="Seleniumdemo.windowhandling" tests="1" failures="0" timestamp="2020-02-19T16:37:14 IST" time="21.623" errors="0">
  <testcase name="irtclogin" time="21.623" classname="Seleniumdemo.windowhandling"/>
  <system-out/>
</testsuite> <!-- Seleniumdemo.windowhandling -->
