<?xml version="1.0" encoding="UTF-8"?>
<!-- Generated by org.testng.reporters.JUnitReportReporter -->
<testsuite skipped="0" hostname="BLT009" name="Testegdemo.Sampletestcase" tests="3" failures="0" timestamp="2020-02-17T12:18:37 IST" time="0.015" errors="0">
  <testcase name="testcase1" time="0.009" classname="Testegdemo.Sampletestcase"/>
  <system-out/>
  <testcase name="testcase2" time="0.004" classname="Testegdemo.Sampletestcase"/>
  <system-out/>
  <testcase name="testcase3" time="0.002" classname="Testegdemo.Sampletestcase"/>
  <system-out/>
</testsuite> <!-- Testegdemo.Sampletestcase -->
