<?xml version="1.0" encoding="UTF-8"?>
<!-- Generated by org.testng.reporters.JUnitReportReporter -->
<testsuite skipped="0" hostname="BLT009" name="Testegdemo.dependsongroup" tests="2" failures="0" timestamp="2020-02-17T16:14:13 IST" time="0.000" errors="0">
  <testcase name="testcase2" time="0.000" classname="Testegdemo.dependsongroup"/>
  <system-out/>
  <testcase name="testcase3" time="0.000" classname="Testegdemo.dependsongroup"/>
  <system-out/>
</testsuite> <!-- Testegdemo.dependsongroup -->
