<?xml version="1.0" encoding="UTF-8"?>
<!-- Generated by org.testng.reporters.JUnitReportReporter -->
<testsuite skipped="0" hostname="BLT009" name="Testegdemo.prioritytestcase" tests="3" failures="0" timestamp="2020-02-17T13:48:13 IST" time="0.022" errors="0">
  <testcase name="testcase2" time="0.018" classname="Testegdemo.prioritytestcase"/>
  <system-out/>
  <testcase name="testcase3" time="0.002" classname="Testegdemo.prioritytestcase"/>
  <system-out/>
  <testcase name="testcase1" time="0.002" classname="Testegdemo.prioritytestcase"/>
  <system-out/>
</testsuite> <!-- Testegdemo.prioritytestcase -->
