<?xml version="1.0" encoding="UTF-8"?>
<!-- Generated by org.testng.reporters.JUnitReportReporter -->
<testsuite skipped="0" hostname="BLT009" name="Seleniumdemo.headlessbrowser" tests="1" failures="0" timestamp="2020-02-18T10:53:31 IST" time="2.747" errors="0">
  <testcase name="login" time="2.747" classname="Seleniumdemo.headlessbrowser"/>
  <system-out/>
</testsuite> <!-- Seleniumdemo.headlessbrowser -->
