<?xml version="1.0" encoding="UTF-8"?>
<!-- Generated by org.testng.reporters.JUnitReportReporter -->
<testsuite skipped="0" hostname="BLT009" name="Testegdemo.paralleltestcase" tests="3" failures="0" timestamp="2020-02-17T14:06:20 IST" time="0.026" errors="0">
  <testcase name="testcase3" time="0.008" classname="Testegdemo.paralleltestcase"/>
  <system-out/>
  <testcase name="testcase2" time="0.004" classname="Testegdemo.paralleltestcase"/>
  <system-out/>
  <testcase name="testcase1" time="0.014" classname="Testegdemo.paralleltestcase"/>
  <system-out/>
</testsuite> <!-- Testegdemo.paralleltestcase -->
