<?xml version="1.0" encoding="UTF-8"?>
<!-- Generated by org.testng.reporters.JUnitReportReporter -->
<testsuite skipped="0" hostname="BLT009" name="com.TestCase.CruisesAlaska_TestCase" tests="1" failures="0" timestamp="2020-03-12T11:13:47 IST" time="27.277" errors="0">
  <testcase name="Royalcaribbean" time="27.277" classname="com.TestCase.CruisesAlaska_TestCase"/>
</testsuite> <!-- com.TestCase.CruisesAlaska_TestCase -->
