<?xml version="1.0" encoding="UTF-8"?>
<!-- Generated by org.testng.reporters.JUnitReportReporter -->
<testsuite skipped="0" hostname="BLT009" name="com.TestCase.RoyalCaribbean_TestCase" tests="1" failures="0" timestamp="2020-03-12T09:53:05 IST" time="30.059" errors="0">
  <testcase name="alska" time="30.059" classname="com.TestCase.RoyalCaribbean_TestCase"/>
</testsuite> <!-- com.TestCase.RoyalCaribbean_TestCase -->
