<?xml version="1.0" encoding="UTF-8"?>
<!-- Generated by org.testng.reporters.JUnitReportReporter -->
<testsuite skipped="0" hostname="BLT009" name="Com.testcase.Amazon_login_testcase" tests="2" failures="0" timestamp="2020-03-05T15:06:51 IST" time="41.418" errors="0">
  <testcase name="login" time="22.147" classname="Com.testcase.Amazon_login_testcase"/>
  <testcase name="login1" time="19.271" classname="Com.testcase.Amazon_login_testcase"/>
</testsuite> <!-- Com.testcase.Amazon_login_testcase -->
