<?xml version="1.0" encoding="UTF-8"?>
<!-- Generated by org.testng.reporters.JUnitReportReporter -->
<testsuite skipped="0" hostname="BLT009" name="Com.testcase.Amazon_Account_Testcase" tests="1" failures="0" timestamp="2020-03-05T15:06:51 IST" time="2.395" errors="0">
  <testcase name="move" time="2.395" classname="Com.testcase.Amazon_Account_Testcase"/>
</testsuite> <!-- Com.testcase.Amazon_Account_Testcase -->
